<?xml version="1.0" encoding="UTF-8"?>
<testng-results skipped="0" failed="0" ignored="0" total="1" passed="1">
  <reporter-output>
  </reporter-output>
  <suite name="Default suite" duration-ms="14874" started-at="2018-11-28T06:14:32Z" finished-at="2018-11-28T06:14:47Z">
    <groups>
    </groups>
    <test name="Default test" duration-ms="14874" started-at="2018-11-28T06:14:32Z" finished-at="2018-11-28T06:14:47Z">
      <class name="exceptions.ElementNotVisible">
        <test-method status="PASS" signature="notvisible()[pri:0, instance:exceptions.ElementNotVisible@30a3107a]" name="notvisible" duration-ms="14840" started-at="2018-11-28T06:14:32Z" finished-at="2018-11-28T06:14:47Z">
          <reporter-output>
          </reporter-output>
        </test-method> <!-- notvisible -->
      </class> <!-- exceptions.ElementNotVisible -->
    </test> <!-- Default test -->
  </suite> <!-- Default suite -->
</testng-results>
